#
# A fatal error has been detected by the Java Runtime Environment:
#
#  SIGBUS (0xa) at pc=0x0000000103f783d4, pid=59817, tid=8195
#
# JRE version: OpenJDK Runtime Environment Zulu15.46+17-CA (15.0.10+5) (build 15.0.10+5-MTS)
# Java VM: OpenJDK 64-Bit Server VM Zulu15.46+17-CA (15.0.10+5-MTS, mixed mode, tiered, compressed oops, g1 gc, bsd-aarch64)
# Problematic frame:
# V  [libjvm.dylib+0x8fc3d4]  Unsafe_GetLongVolatile(JNIEnv_*, _jobject*, _jobject*, long)+0xd8
#
# No core dump will be written. Core dumps have been disabled. To enable core dumping, try "ulimit -c unlimited" before starting Java again
#
# If you would like to submit a bug report, please visit:
#   http://www.azul.com/support/
#

---------------  S U M M A R Y ------------

Command Line: UnsafeVolatileLong

Host: MacBookPro17,1 arm64 1 MHz, 8 cores, 16G, Darwin 21.6.0
Time: Tue Apr 18 14:46:05 2023 CEST elapsed time: 0.113440 seconds (0d 0h 0m 0s)

---------------  T H R E A D  ---------------

Current thread (0x000000012180f200):  JavaThread "main" [_thread_in_vm, id=8195, stack(0x000000016d8b4000,0x000000016dab7000)]

Stack: [0x000000016d8b4000,0x000000016dab7000],  sp=0x000000016dab6990,  free space=2058k
Native frames: (J=compiled Java code, A=aot compiled Java code, j=interpreted, Vv=VM code, C=native code)
V  [libjvm.dylib+0x8fc3d4]  Unsafe_GetLongVolatile(JNIEnv_*, _jobject*, _jobject*, long)+0xd8
j  jdk.internal.misc.Unsafe.getLongVolatile(Ljava/lang/Object;J)J+0 java.base@15.0.10
j  sun.misc.Unsafe.getLongVolatile(Ljava/lang/Object;J)J+5 jdk.unsupported@15.0.10
j  UnsafeVolatileLong.main([Ljava/lang/String;)V+54
v  ~StubRoutines::call_stub
V  [libjvm.dylib+0x3e1338]  JavaCalls::call_helper(JavaValue*, methodHandle const&, JavaCallArguments*, Thread*)+0x324
V  [libjvm.dylib+0x4411d0]  jni_invoke_static(JNIEnv_*, JavaValue*, _jobject*, JNICallType, _jmethodID*, JNI_ArgumentPusher*, Thread*)+0x108
V  [libjvm.dylib+0x444688]  jni_CallStaticVoidMethod+0x124
C  [libjli.dylib+0x542c]  JavaMain+0x9d4
C  [libjli.dylib+0x7788]  ThreadJavaMain+0xc
C  [libsystem_pthread.dylib+0x726c]  _pthread_start+0x94

Java frames: (J=compiled Java code, j=interpreted, Vv=VM code)
j  jdk.internal.misc.Unsafe.getLongVolatile(Ljava/lang/Object;J)J+0 java.base@15.0.10
j  sun.misc.Unsafe.getLongVolatile(Ljava/lang/Object;J)J+5 jdk.unsupported@15.0.10
j  UnsafeVolatileLong.main([Ljava/lang/String;)V+54
v  ~StubRoutines::call_stub

siginfo: si_signo: 10 (SIGBUS), si_code: 1 (BUS_ADRALN), si_addr: 0x00000006cff2ef9c

Register to memory mapping:

 x0=0x00000006cff2ef80 is an oop: java.nio.DirectByteBuffer 
{0x00000006cff2ef80} - klass: 'java/nio/DirectByteBuffer'
 x1=0x0000000fffffc110 points into unknown readable memory: 0x2010000030300000 | 00 00 30 30 00 00 10 20
 x2=0x000000016dab6a70 is pointing into the stack for thread: 0x000000012180f200
 x3=0x000000000000001c is an unknown value
 x4=0x0000000000000050 is an unknown value
 x5=0x0000000000000001 is an unknown value
 x6=0x000000012180f200 is a thread
 x7=0x0000000000000001 is an unknown value
 x8=0x00000006cff2ef9c points into unknown readable memory: 38 00 00 00
 x9=0x0000000000000006 is an unknown value
x10=0x2010000030300000 is an unknown value
x11=0x0000000000000002 is an unknown value
x12={method} {0x00000001278c0318} 'getLongVolatile' '(Ljava/lang/Object;J)J' in 'jdk/internal/misc/Unsafe'
x13=0x000000016dab6a40 is pointing into the stack for thread: 0x000000012180f200
x14=0x0000000000000015 is an unknown value
x15=0x00000001219516e8 points into unknown readable memory: 0x68740011e7edffff | ff ff ed e7 11 00 74 68
x16=0x0000000191788f5c: pthread_jit_write_protect_np+0 in /usr/lib/system/libsystem_pthread.dylib at 0x0000000191781000
x17=0x0000000000000101 is an unknown value
x18=0x0 is NULL
x19=0x000000012180f200 is a thread
x20=0x000000000000001c is an unknown value
x21=0x000000016dab6a70 is pointing into the stack for thread: 0x000000012180f200
x22=0x0 is NULL
x23=0x000000010c892040 is at code_begin+0 in an Interpreter codelet
method entry point (kind = zerolocals)  [0x000000010c892040, 0x000000010c892400]  960 bytes
x24=0x000000016dab6a78 is pointing into the stack for thread: 0x000000012180f200
x25=0x0000000000000001 is an unknown value
x26=0x000000012790bc58 is pointing into metadata
x27=0x0 is NULL
x28=0x000000012180f200 is a thread


Registers:
 x0=0x00000006cff2ef80  x1=0x0000000fffffc110  x2=0x000000016dab6a70  x3=0x000000000000001c
 x4=0x0000000000000050  x5=0x0000000000000001  x6=0x000000012180f200  x7=0x0000000000000001
 x8=0x00000006cff2ef9c  x9=0x0000000000000006 x10=0x2010000030300000 x11=0x0000000000000002
x12=0x00000001278c0318 x13=0x000000016dab6a40 x14=0x0000000000000015 x15=0x00000001219516e8
x16=0x0000000191788f5c x17=0x0000000000000101 x18=0x0000000000000000 x19=0x000000012180f200
x20=0x000000000000001c x21=0x000000016dab6a70 x22=0x0000000000000000 x23=0x000000010c892040
x24=0x000000016dab6a78 x25=0x0000000000000001 x26=0x000000012790bc58 x27=0x0000000000000000
x28=0x000000012180f200  fp=0x000000016dab69c0  lr=0x0000000103f783cc  sp=0x000000016dab6990
pc=0x0000000103f783d4 cpsr=0x0000000040001000
Top of Stack: (sp=0x000000016dab6990)
0x000000016dab6990:   00000001278c0318 000000016dab6ad0
0x000000016dab69a0:   0000000000000000 0000000104189788
0x000000016dab69b0:   000000016dab69d0 000000010c890c6c
0x000000016dab69c0:   000000016dab6a40 000000010c8932fc
0x000000016dab69d0:   0000000127b254c5 0000000104189788
0x000000016dab69e0:   00000000000000b6 000000012180f200
0x000000016dab69f0:   000000016dab69f0 0000000000000000
0x000000016dab6a00:   000000016dab6a78 000000012790bc58
0x000000016dab6a10:   00000006cfe03b48 0000000000000000
0x000000016dab6a20:   0000000000000000 00000001278c0318
0x000000016dab6a30:   0000000000000000 000000016dab6a40
0x000000016dab6a40:   000000016dab6ad0 000000010c88eafc
0x000000016dab6a50:   0000000000000000 0000000000000000
0x000000016dab6a60:   000000000000001c 0000000000000000
0x000000016dab6a70:   00000006cff2ef80 00000006cfe0a6e0
0x000000016dab6a80:   000000016dab6a80 0000000127b254c5
0x000000016dab6a90:   000000016dab6af8 0000000127b26988
0x000000016dab6aa0:   00000006cfeff078 0000000000000000
0x000000016dab6ab0:   0000000000000000 0000000127b25500
0x000000016dab6ac0:   000000016dab6a60 000000016dab6ac0
0x000000016dab6ad0:   000000016dab6b50 000000010c88eafc
0x000000016dab6ae0:   000000000000001c 0000000000000000
0x000000016dab6af0:   00000006cff2ef80 00000006cff2d6a8
0x000000016dab6b00:   000000016dab6b00 0000000127c004e6
0x000000016dab6b10:   000000016dab6b98 0000000127c00558
0x000000016dab6b20:   00000006cfefe3c8 0000000000000000
0x000000016dab6b30:   0000000000000000 0000000127c00508
0x000000016dab6b40:   000000016dab6ae0 000000016dab6b90
0x000000016dab6b50:   000000016dab6c70 000000010c888144
0x000000016dab6b60:   000000016dab6ba0 0000000000000000
0x000000016dab6b70:   0000000000000000 00000006cff2ef80
0x000000016dab6b80:   00000006cff2da50 00000006cff2d6a8 

Instructions: (pc=0x0000000103f783d4)
0x0000000103f782d4:   aa1303e0 97fa89f6 52800088 889ffe88
0x0000000103f782e4:   52800020 94016fce a9427bfd a9414ff4
0x0000000103f782f4:   a8c357f6 d65f03c0 d10103ff a90157f6
0x0000000103f78304:   a9024ff4 a9037bfd 9100c3fd aa0303f4
0x0000000103f78314:   aa0203f5 d10ca013 91022008 b8bfc108
0x0000000103f78324:   129bd549 0b090108 7100091f 54000083
0x0000000103f78334:   aa1303e0 97ff3b32 d2800013 52800000
0x0000000103f78344:   94016fb7 910e6268 528000a9 889ffd09
0x0000000103f78354:   d5033bbf f9400268 f9402108 aa1303e0
0x0000000103f78364:   d63f0100 340000a0 91044268 f8bfc108
0x0000000103f78374:   361800c8 1400000a f0001048 d503201f
0x0000000103f78384:   b949d108 350000c8 b940e268 52800089
0x0000000103f78394:   72a40009 6a09011f 54000060 aa1303e0
0x0000000103f783a4:   97ff4301 910e6268 528000c9 889ffd09
0x0000000103f783b4:   b4000275 370001b5 b0000d08 f9408108
0x0000000103f783c4:   aa1503e0 d63f0100 b40001a0 8b140008
0x0000000103f783d4:   f8bfc114 f9407e75 f9400aa8 f9400109
0x0000000103f783e4:   b5000229 14000013 d10006a0 90000d28
0x0000000103f783f4:   f944ed08 d63f0100 b5fffea0 52800028
0x0000000103f78404:   390ef268 f8bfc288 f90007e8 f94007f4
0x0000000103f78414:   390ef27f f9407e75 f9400aa8 f9400109
0x0000000103f78424:   b4000089 aa1503e0 97ea36a2 f9400aa8
0x0000000103f78434:   f94006a9 f9000928 f9400ea8 f94006a9
0x0000000103f78444:   f9000d28 f94012a8 f94006a9 f9001128
0x0000000103f78454:   910e6275 528000e8 889ffea8 d5033bbf
0x0000000103f78464:   91044268 f8bfc108 36180068 aa1303e0
0x0000000103f78474:   97fa898f 52800088 889ffea8 52800020
0x0000000103f78484:   94016f67 aa1403e0 a9437bfd a9424ff4
0x0000000103f78494:   a94157f6 910103ff d65f03c0 a9bd57f6
0x0000000103f784a4:   a9014ff4 a9027bfd 910083fd aa0403f4
0x0000000103f784b4:   aa0303f5 aa0203f6 d10ca013 91022008
0x0000000103f784c4:   b8bfc108 129bd549 0b090108 7100091f 


Stack slot to memory mapping:
stack at sp + 0 slots: {method} {0x00000001278c0318} 'getLongVolatile' '(Ljava/lang/Object;J)J' in 'jdk/internal/misc/Unsafe'
stack at sp + 1 slots: 0x000000016dab6ad0 is pointing into the stack for thread: 0x000000012180f200
stack at sp + 2 slots: 0x0 is NULL
stack at sp + 3 slots: 0x0000000104189788: _ZN19TemplateInterpreter13_active_tableE+0 in /Library/Java/JavaVirtualMachines/zulu-15.jdk/Contents/Home/lib/server/libjvm.dylib at 0x000000010367c000
stack at sp + 4 slots: 0x000000016dab69d0 is pointing into the stack for thread: 0x000000012180f200
stack at sp + 5 slots: 0x000000010c890c6c is at code_begin+44 in an Interpreter codelet
result handlers for native calls  [0x000000010c890c40, 0x000000010c890cc0]  128 bytes
stack at sp + 6 slots: 0x000000016dab6a40 is pointing into the stack for thread: 0x000000012180f200
stack at sp + 7 slots: 0x000000010c8932fc is at code_begin+700 in an Interpreter codelet
method entry point (kind = native)  [0x000000010c893040, 0x000000010c893740]  1792 bytes


---------------  P R O C E S S  ---------------

Threads class SMR info:
_java_thread_list=0x0000600000c9a5e0, length=10, elements={
0x000000012180f200, 0x00000001218f9200, 0x0000000122830800, 0x0000000121900000,
0x0000000122830200, 0x0000000122832000, 0x0000000122832600, 0x0000000121008200,
0x00000001218fc400, 0x00000001218f9800
}

Java Threads: ( => current thread )
=>0x000000012180f200 JavaThread "main" [_thread_in_vm, id=8195, stack(0x000000016d8b4000,0x000000016dab7000)]
  0x00000001218f9200 JavaThread "Reference Handler" daemon [_thread_blocked, id=15363, stack(0x000000016e708000,0x000000016e90b000)]
  0x0000000122830800 JavaThread "Finalizer" daemon [_thread_blocked, id=15875, stack(0x000000016e914000,0x000000016eb17000)]
  0x0000000121900000 JavaThread "Signal Dispatcher" daemon [_thread_blocked, id=42243, stack(0x000000016ec38000,0x000000016ee3b000)]
  0x0000000122830200 JavaThread "Service Thread" daemon [_thread_blocked, id=41731, stack(0x000000016ee44000,0x000000016f047000)]
  0x0000000122832000 JavaThread "C2 CompilerThread0" daemon [_thread_blocked, id=23811, stack(0x000000016f050000,0x000000016f253000)]
  0x0000000122832600 JavaThread "C1 CompilerThread0" daemon [_thread_blocked, id=40963, stack(0x000000016f25c000,0x000000016f45f000)]
  0x0000000121008200 JavaThread "Sweeper thread" daemon [_thread_blocked, id=40195, stack(0x000000016f468000,0x000000016f66b000)]
  0x00000001218fc400 JavaThread "Notification Thread" daemon [_thread_blocked, id=25347, stack(0x000000016f674000,0x000000016f877000)]
  0x00000001218f9800 JavaThread "Common-Cleaner" daemon [_thread_blocked, id=26115, stack(0x000000016fa8c000,0x000000016fc8f000)]

Other Threads:
  0x0000000120f16500 VMThread "VM Thread" [stack: 0x000000016e4fc000,0x000000016e6ff000] [id=18179]
  0x0000000120f1dd90 WatcherThread [stack: 0x000000016f880000,0x000000016fa83000] [id=39427]
  0x0000000120f07ff0 GCTaskThread "GC Thread#0" [stack: 0x000000016dac0000,0x000000016dcc3000] [id=12803]
  0x0000000120f088e0 ConcurrentGCThread "G1 Main Marker" [stack: 0x000000016dccc000,0x000000016decf000] [id=13315]
  0x0000000120f093b0 ConcurrentGCThread "G1 Conc#0" [stack: 0x000000016ded8000,0x000000016e0db000] [id=19203]
  0x0000000120f144e0 ConcurrentGCThread "G1 Refine#0" [stack: 0x000000016e0e4000,0x000000016e2e7000] [id=18691]
  0x0000000122004650 ConcurrentGCThread "G1 Young RemSet Sampling" [stack: 0x000000016e2f0000,0x000000016e4f3000] [id=14339]

Threads with active compile tasks:

VM state: not at safepoint (normal execution)

VM Mutex/Monitor currently owned by a thread: None

Heap address: 0x00000006c0000000, size: 4096 MB, Compressed Oops mode: Zero based, Oop shift amount: 3
Compressed class space mapped at: 0x0000000300000000-0x0000000340000000, size: 1073741824
Narrow klass base: 0x0000000000000000, Narrow klass shift: 3, Narrow klass range: 0x340000000

GC Precious Log:
 CPUs: 8 total, 8 available
 Memory: 16384M
 Large Page Support: Disabled
 NUMA Support: Disabled
 Compressed Oops: Enabled (Zero based)
 Heap Region Size: 2M
 Heap Min Capacity: 8M
 Heap Initial Capacity: 256M
 Heap Max Capacity: 4G
 Pre-touch: Disabled
 Parallel Workers: 8
 Concurrent Workers: 2
 Concurrent Refinement Workers: 8
 Periodic GC: Disabled

Heap:
 garbage-first heap   total 262144K, used 0K [0x00000006c0000000, 0x00000007c0000000)
  region size 2048K, 1 young (2048K), 0 survivors (0K)
 Metaspace       used 4450K, capacity 4507K, committed 4864K, reserved 1056768K
  class space    used 353K, capacity 393K, committed 512K, reserved 1048576K

Heap Regions: E=young(eden), S=young(survivor), O=old, HS=humongous(starts), HC=humongous(continues), CS=collection set, F=free, OA=open archive, CA=closed archive, TAMS=top-at-mark-start (previous, next)
|   0|0x00000006c0000000, 0x00000006c0000000, 0x00000006c0200000|  0%| F|  |TAMS 0x00000006c0000000, 0x00000006c0000000| Untracked 
|   1|0x00000006c0200000, 0x00000006c0200000, 0x00000006c0400000|  0%| F|  |TAMS 0x00000006c0200000, 0x00000006c0200000| Untracked 
|   2|0x00000006c0400000, 0x00000006c0400000, 0x00000006c0600000|  0%| F|  |TAMS 0x00000006c0400000, 0x00000006c0400000| Untracked 
|   3|0x00000006c0600000, 0x00000006c0600000, 0x00000006c0800000|  0%| F|  |TAMS 0x00000006c0600000, 0x00000006c0600000| Untracked 
|   4|0x00000006c0800000, 0x00000006c0800000, 0x00000006c0a00000|  0%| F|  |TAMS 0x00000006c0800000, 0x00000006c0800000| Untracked 
|   5|0x00000006c0a00000, 0x00000006c0a00000, 0x00000006c0c00000|  0%| F|  |TAMS 0x00000006c0a00000, 0x00000006c0a00000| Untracked 
|   6|0x00000006c0c00000, 0x00000006c0c00000, 0x00000006c0e00000|  0%| F|  |TAMS 0x00000006c0c00000, 0x00000006c0c00000| Untracked 
|   7|0x00000006c0e00000, 0x00000006c0e00000, 0x00000006c1000000|  0%| F|  |TAMS 0x00000006c0e00000, 0x00000006c0e00000| Untracked 
|   8|0x00000006c1000000, 0x00000006c1000000, 0x00000006c1200000|  0%| F|  |TAMS 0x00000006c1000000, 0x00000006c1000000| Untracked 
|   9|0x00000006c1200000, 0x00000006c1200000, 0x00000006c1400000|  0%| F|  |TAMS 0x00000006c1200000, 0x00000006c1200000| Untracked 
|  10|0x00000006c1400000, 0x00000006c1400000, 0x00000006c1600000|  0%| F|  |TAMS 0x00000006c1400000, 0x00000006c1400000| Untracked 
|  11|0x00000006c1600000, 0x00000006c1600000, 0x00000006c1800000|  0%| F|  |TAMS 0x00000006c1600000, 0x00000006c1600000| Untracked 
|  12|0x00000006c1800000, 0x00000006c1800000, 0x00000006c1a00000|  0%| F|  |TAMS 0x00000006c1800000, 0x00000006c1800000| Untracked 
|  13|0x00000006c1a00000, 0x00000006c1a00000, 0x00000006c1c00000|  0%| F|  |TAMS 0x00000006c1a00000, 0x00000006c1a00000| Untracked 
|  14|0x00000006c1c00000, 0x00000006c1c00000, 0x00000006c1e00000|  0%| F|  |TAMS 0x00000006c1c00000, 0x00000006c1c00000| Untracked 
|  15|0x00000006c1e00000, 0x00000006c1e00000, 0x00000006c2000000|  0%| F|  |TAMS 0x00000006c1e00000, 0x00000006c1e00000| Untracked 
|  16|0x00000006c2000000, 0x00000006c2000000, 0x00000006c2200000|  0%| F|  |TAMS 0x00000006c2000000, 0x00000006c2000000| Untracked 
|  17|0x00000006c2200000, 0x00000006c2200000, 0x00000006c2400000|  0%| F|  |TAMS 0x00000006c2200000, 0x00000006c2200000| Untracked 
|  18|0x00000006c2400000, 0x00000006c2400000, 0x00000006c2600000|  0%| F|  |TAMS 0x00000006c2400000, 0x00000006c2400000| Untracked 
|  19|0x00000006c2600000, 0x00000006c2600000, 0x00000006c2800000|  0%| F|  |TAMS 0x00000006c2600000, 0x00000006c2600000| Untracked 
|  20|0x00000006c2800000, 0x00000006c2800000, 0x00000006c2a00000|  0%| F|  |TAMS 0x00000006c2800000, 0x00000006c2800000| Untracked 
|  21|0x00000006c2a00000, 0x00000006c2a00000, 0x00000006c2c00000|  0%| F|  |TAMS 0x00000006c2a00000, 0x00000006c2a00000| Untracked 
|  22|0x00000006c2c00000, 0x00000006c2c00000, 0x00000006c2e00000|  0%| F|  |TAMS 0x00000006c2c00000, 0x00000006c2c00000| Untracked 
|  23|0x00000006c2e00000, 0x00000006c2e00000, 0x00000006c3000000|  0%| F|  |TAMS 0x00000006c2e00000, 0x00000006c2e00000| Untracked 
|  24|0x00000006c3000000, 0x00000006c3000000, 0x00000006c3200000|  0%| F|  |TAMS 0x00000006c3000000, 0x00000006c3000000| Untracked 
|  25|0x00000006c3200000, 0x00000006c3200000, 0x00000006c3400000|  0%| F|  |TAMS 0x00000006c3200000, 0x00000006c3200000| Untracked 
|  26|0x00000006c3400000, 0x00000006c3400000, 0x00000006c3600000|  0%| F|  |TAMS 0x00000006c3400000, 0x00000006c3400000| Untracked 
|  27|0x00000006c3600000, 0x00000006c3600000, 0x00000006c3800000|  0%| F|  |TAMS 0x00000006c3600000, 0x00000006c3600000| Untracked 
|  28|0x00000006c3800000, 0x00000006c3800000, 0x00000006c3a00000|  0%| F|  |TAMS 0x00000006c3800000, 0x00000006c3800000| Untracked 
|  29|0x00000006c3a00000, 0x00000006c3a00000, 0x00000006c3c00000|  0%| F|  |TAMS 0x00000006c3a00000, 0x00000006c3a00000| Untracked 
|  30|0x00000006c3c00000, 0x00000006c3c00000, 0x00000006c3e00000|  0%| F|  |TAMS 0x00000006c3c00000, 0x00000006c3c00000| Untracked 
|  31|0x00000006c3e00000, 0x00000006c3e00000, 0x00000006c4000000|  0%| F|  |TAMS 0x00000006c3e00000, 0x00000006c3e00000| Untracked 
|  32|0x00000006c4000000, 0x00000006c4000000, 0x00000006c4200000|  0%| F|  |TAMS 0x00000006c4000000, 0x00000006c4000000| Untracked 
|  33|0x00000006c4200000, 0x00000006c4200000, 0x00000006c4400000|  0%| F|  |TAMS 0x00000006c4200000, 0x00000006c4200000| Untracked 
|  34|0x00000006c4400000, 0x00000006c4400000, 0x00000006c4600000|  0%| F|  |TAMS 0x00000006c4400000, 0x00000006c4400000| Untracked 
|  35|0x00000006c4600000, 0x00000006c4600000, 0x00000006c4800000|  0%| F|  |TAMS 0x00000006c4600000, 0x00000006c4600000| Untracked 
|  36|0x00000006c4800000, 0x00000006c4800000, 0x00000006c4a00000|  0%| F|  |TAMS 0x00000006c4800000, 0x00000006c4800000| Untracked 
|  37|0x00000006c4a00000, 0x00000006c4a00000, 0x00000006c4c00000|  0%| F|  |TAMS 0x00000006c4a00000, 0x00000006c4a00000| Untracked 
|  38|0x00000006c4c00000, 0x00000006c4c00000, 0x00000006c4e00000|  0%| F|  |TAMS 0x00000006c4c00000, 0x00000006c4c00000| Untracked 
|  39|0x00000006c4e00000, 0x00000006c4e00000, 0x00000006c5000000|  0%| F|  |TAMS 0x00000006c4e00000, 0x00000006c4e00000| Untracked 
|  40|0x00000006c5000000, 0x00000006c5000000, 0x00000006c5200000|  0%| F|  |TAMS 0x00000006c5000000, 0x00000006c5000000| Untracked 
|  41|0x00000006c5200000, 0x00000006c5200000, 0x00000006c5400000|  0%| F|  |TAMS 0x00000006c5200000, 0x00000006c5200000| Untracked 
|  42|0x00000006c5400000, 0x00000006c5400000, 0x00000006c5600000|  0%| F|  |TAMS 0x00000006c5400000, 0x00000006c5400000| Untracked 
|  43|0x00000006c5600000, 0x00000006c5600000, 0x00000006c5800000|  0%| F|  |TAMS 0x00000006c5600000, 0x00000006c5600000| Untracked 
|  44|0x00000006c5800000, 0x00000006c5800000, 0x00000006c5a00000|  0%| F|  |TAMS 0x00000006c5800000, 0x00000006c5800000| Untracked 
|  45|0x00000006c5a00000, 0x00000006c5a00000, 0x00000006c5c00000|  0%| F|  |TAMS 0x00000006c5a00000, 0x00000006c5a00000| Untracked 
|  46|0x00000006c5c00000, 0x00000006c5c00000, 0x00000006c5e00000|  0%| F|  |TAMS 0x00000006c5c00000, 0x00000006c5c00000| Untracked 
|  47|0x00000006c5e00000, 0x00000006c5e00000, 0x00000006c6000000|  0%| F|  |TAMS 0x00000006c5e00000, 0x00000006c5e00000| Untracked 
|  48|0x00000006c6000000, 0x00000006c6000000, 0x00000006c6200000|  0%| F|  |TAMS 0x00000006c6000000, 0x00000006c6000000| Untracked 
|  49|0x00000006c6200000, 0x00000006c6200000, 0x00000006c6400000|  0%| F|  |TAMS 0x00000006c6200000, 0x00000006c6200000| Untracked 
|  50|0x00000006c6400000, 0x00000006c6400000, 0x00000006c6600000|  0%| F|  |TAMS 0x00000006c6400000, 0x00000006c6400000| Untracked 
|  51|0x00000006c6600000, 0x00000006c6600000, 0x00000006c6800000|  0%| F|  |TAMS 0x00000006c6600000, 0x00000006c6600000| Untracked 
|  52|0x00000006c6800000, 0x00000006c6800000, 0x00000006c6a00000|  0%| F|  |TAMS 0x00000006c6800000, 0x00000006c6800000| Untracked 
|  53|0x00000006c6a00000, 0x00000006c6a00000, 0x00000006c6c00000|  0%| F|  |TAMS 0x00000006c6a00000, 0x00000006c6a00000| Untracked 
|  54|0x00000006c6c00000, 0x00000006c6c00000, 0x00000006c6e00000|  0%| F|  |TAMS 0x00000006c6c00000, 0x00000006c6c00000| Untracked 
|  55|0x00000006c6e00000, 0x00000006c6e00000, 0x00000006c7000000|  0%| F|  |TAMS 0x00000006c6e00000, 0x00000006c6e00000| Untracked 
|  56|0x00000006c7000000, 0x00000006c7000000, 0x00000006c7200000|  0%| F|  |TAMS 0x00000006c7000000, 0x00000006c7000000| Untracked 
|  57|0x00000006c7200000, 0x00000006c7200000, 0x00000006c7400000|  0%| F|  |TAMS 0x00000006c7200000, 0x00000006c7200000| Untracked 
|  58|0x00000006c7400000, 0x00000006c7400000, 0x00000006c7600000|  0%| F|  |TAMS 0x00000006c7400000, 0x00000006c7400000| Untracked 
|  59|0x00000006c7600000, 0x00000006c7600000, 0x00000006c7800000|  0%| F|  |TAMS 0x00000006c7600000, 0x00000006c7600000| Untracked 
|  60|0x00000006c7800000, 0x00000006c7800000, 0x00000006c7a00000|  0%| F|  |TAMS 0x00000006c7800000, 0x00000006c7800000| Untracked 
|  61|0x00000006c7a00000, 0x00000006c7a00000, 0x00000006c7c00000|  0%| F|  |TAMS 0x00000006c7a00000, 0x00000006c7a00000| Untracked 
|  62|0x00000006c7c00000, 0x00000006c7c00000, 0x00000006c7e00000|  0%| F|  |TAMS 0x00000006c7c00000, 0x00000006c7c00000| Untracked 
|  63|0x00000006c7e00000, 0x00000006c7e00000, 0x00000006c8000000|  0%| F|  |TAMS 0x00000006c7e00000, 0x00000006c7e00000| Untracked 
|  64|0x00000006c8000000, 0x00000006c8000000, 0x00000006c8200000|  0%| F|  |TAMS 0x00000006c8000000, 0x00000006c8000000| Untracked 
|  65|0x00000006c8200000, 0x00000006c8200000, 0x00000006c8400000|  0%| F|  |TAMS 0x00000006c8200000, 0x00000006c8200000| Untracked 
|  66|0x00000006c8400000, 0x00000006c8400000, 0x00000006c8600000|  0%| F|  |TAMS 0x00000006c8400000, 0x00000006c8400000| Untracked 
|  67|0x00000006c8600000, 0x00000006c8600000, 0x00000006c8800000|  0%| F|  |TAMS 0x00000006c8600000, 0x00000006c8600000| Untracked 
|  68|0x00000006c8800000, 0x00000006c8800000, 0x00000006c8a00000|  0%| F|  |TAMS 0x00000006c8800000, 0x00000006c8800000| Untracked 
|  69|0x00000006c8a00000, 0x00000006c8a00000, 0x00000006c8c00000|  0%| F|  |TAMS 0x00000006c8a00000, 0x00000006c8a00000| Untracked 
|  70|0x00000006c8c00000, 0x00000006c8c00000, 0x00000006c8e00000|  0%| F|  |TAMS 0x00000006c8c00000, 0x00000006c8c00000| Untracked 
|  71|0x00000006c8e00000, 0x00000006c8e00000, 0x00000006c9000000|  0%| F|  |TAMS 0x00000006c8e00000, 0x00000006c8e00000| Untracked 
|  72|0x00000006c9000000, 0x00000006c9000000, 0x00000006c9200000|  0%| F|  |TAMS 0x00000006c9000000, 0x00000006c9000000| Untracked 
|  73|0x00000006c9200000, 0x00000006c9200000, 0x00000006c9400000|  0%| F|  |TAMS 0x00000006c9200000, 0x00000006c9200000| Untracked 
|  74|0x00000006c9400000, 0x00000006c9400000, 0x00000006c9600000|  0%| F|  |TAMS 0x00000006c9400000, 0x00000006c9400000| Untracked 
|  75|0x00000006c9600000, 0x00000006c9600000, 0x00000006c9800000|  0%| F|  |TAMS 0x00000006c9600000, 0x00000006c9600000| Untracked 
|  76|0x00000006c9800000, 0x00000006c9800000, 0x00000006c9a00000|  0%| F|  |TAMS 0x00000006c9800000, 0x00000006c9800000| Untracked 
|  77|0x00000006c9a00000, 0x00000006c9a00000, 0x00000006c9c00000|  0%| F|  |TAMS 0x00000006c9a00000, 0x00000006c9a00000| Untracked 
|  78|0x00000006c9c00000, 0x00000006c9c00000, 0x00000006c9e00000|  0%| F|  |TAMS 0x00000006c9c00000, 0x00000006c9c00000| Untracked 
|  79|0x00000006c9e00000, 0x00000006c9e00000, 0x00000006ca000000|  0%| F|  |TAMS 0x00000006c9e00000, 0x00000006c9e00000| Untracked 
|  80|0x00000006ca000000, 0x00000006ca000000, 0x00000006ca200000|  0%| F|  |TAMS 0x00000006ca000000, 0x00000006ca000000| Untracked 
|  81|0x00000006ca200000, 0x00000006ca200000, 0x00000006ca400000|  0%| F|  |TAMS 0x00000006ca200000, 0x00000006ca200000| Untracked 
|  82|0x00000006ca400000, 0x00000006ca400000, 0x00000006ca600000|  0%| F|  |TAMS 0x00000006ca400000, 0x00000006ca400000| Untracked 
|  83|0x00000006ca600000, 0x00000006ca600000, 0x00000006ca800000|  0%| F|  |TAMS 0x00000006ca600000, 0x00000006ca600000| Untracked 
|  84|0x00000006ca800000, 0x00000006ca800000, 0x00000006caa00000|  0%| F|  |TAMS 0x00000006ca800000, 0x00000006ca800000| Untracked 
|  85|0x00000006caa00000, 0x00000006caa00000, 0x00000006cac00000|  0%| F|  |TAMS 0x00000006caa00000, 0x00000006caa00000| Untracked 
|  86|0x00000006cac00000, 0x00000006cac00000, 0x00000006cae00000|  0%| F|  |TAMS 0x00000006cac00000, 0x00000006cac00000| Untracked 
|  87|0x00000006cae00000, 0x00000006cae00000, 0x00000006cb000000|  0%| F|  |TAMS 0x00000006cae00000, 0x00000006cae00000| Untracked 
|  88|0x00000006cb000000, 0x00000006cb000000, 0x00000006cb200000|  0%| F|  |TAMS 0x00000006cb000000, 0x00000006cb000000| Untracked 
|  89|0x00000006cb200000, 0x00000006cb200000, 0x00000006cb400000|  0%| F|  |TAMS 0x00000006cb200000, 0x00000006cb200000| Untracked 
|  90|0x00000006cb400000, 0x00000006cb400000, 0x00000006cb600000|  0%| F|  |TAMS 0x00000006cb400000, 0x00000006cb400000| Untracked 
|  91|0x00000006cb600000, 0x00000006cb600000, 0x00000006cb800000|  0%| F|  |TAMS 0x00000006cb600000, 0x00000006cb600000| Untracked 
|  92|0x00000006cb800000, 0x00000006cb800000, 0x00000006cba00000|  0%| F|  |TAMS 0x00000006cb800000, 0x00000006cb800000| Untracked 
|  93|0x00000006cba00000, 0x00000006cba00000, 0x00000006cbc00000|  0%| F|  |TAMS 0x00000006cba00000, 0x00000006cba00000| Untracked 
|  94|0x00000006cbc00000, 0x00000006cbc00000, 0x00000006cbe00000|  0%| F|  |TAMS 0x00000006cbc00000, 0x00000006cbc00000| Untracked 
|  95|0x00000006cbe00000, 0x00000006cbe00000, 0x00000006cc000000|  0%| F|  |TAMS 0x00000006cbe00000, 0x00000006cbe00000| Untracked 
|  96|0x00000006cc000000, 0x00000006cc000000, 0x00000006cc200000|  0%| F|  |TAMS 0x00000006cc000000, 0x00000006cc000000| Untracked 
|  97|0x00000006cc200000, 0x00000006cc200000, 0x00000006cc400000|  0%| F|  |TAMS 0x00000006cc200000, 0x00000006cc200000| Untracked 
|  98|0x00000006cc400000, 0x00000006cc400000, 0x00000006cc600000|  0%| F|  |TAMS 0x00000006cc400000, 0x00000006cc400000| Untracked 
|  99|0x00000006cc600000, 0x00000006cc600000, 0x00000006cc800000|  0%| F|  |TAMS 0x00000006cc600000, 0x00000006cc600000| Untracked 
| 100|0x00000006cc800000, 0x00000006cc800000, 0x00000006cca00000|  0%| F|  |TAMS 0x00000006cc800000, 0x00000006cc800000| Untracked 
| 101|0x00000006cca00000, 0x00000006cca00000, 0x00000006ccc00000|  0%| F|  |TAMS 0x00000006cca00000, 0x00000006cca00000| Untracked 
| 102|0x00000006ccc00000, 0x00000006ccc00000, 0x00000006cce00000|  0%| F|  |TAMS 0x00000006ccc00000, 0x00000006ccc00000| Untracked 
| 103|0x00000006cce00000, 0x00000006cce00000, 0x00000006cd000000|  0%| F|  |TAMS 0x00000006cce00000, 0x00000006cce00000| Untracked 
| 104|0x00000006cd000000, 0x00000006cd000000, 0x00000006cd200000|  0%| F|  |TAMS 0x00000006cd000000, 0x00000006cd000000| Untracked 
| 105|0x00000006cd200000, 0x00000006cd200000, 0x00000006cd400000|  0%| F|  |TAMS 0x00000006cd200000, 0x00000006cd200000| Untracked 
| 106|0x00000006cd400000, 0x00000006cd400000, 0x00000006cd600000|  0%| F|  |TAMS 0x00000006cd400000, 0x00000006cd400000| Untracked 
| 107|0x00000006cd600000, 0x00000006cd600000, 0x00000006cd800000|  0%| F|  |TAMS 0x00000006cd600000, 0x00000006cd600000| Untracked 
| 108|0x00000006cd800000, 0x00000006cd800000, 0x00000006cda00000|  0%| F|  |TAMS 0x00000006cd800000, 0x00000006cd800000| Untracked 
| 109|0x00000006cda00000, 0x00000006cda00000, 0x00000006cdc00000|  0%| F|  |TAMS 0x00000006cda00000, 0x00000006cda00000| Untracked 
| 110|0x00000006cdc00000, 0x00000006cdc00000, 0x00000006cde00000|  0%| F|  |TAMS 0x00000006cdc00000, 0x00000006cdc00000| Untracked 
| 111|0x00000006cde00000, 0x00000006cde00000, 0x00000006ce000000|  0%| F|  |TAMS 0x00000006cde00000, 0x00000006cde00000| Untracked 
| 112|0x00000006ce000000, 0x00000006ce000000, 0x00000006ce200000|  0%| F|  |TAMS 0x00000006ce000000, 0x00000006ce000000| Untracked 
| 113|0x00000006ce200000, 0x00000006ce200000, 0x00000006ce400000|  0%| F|  |TAMS 0x00000006ce200000, 0x00000006ce200000| Untracked 
| 114|0x00000006ce400000, 0x00000006ce400000, 0x00000006ce600000|  0%| F|  |TAMS 0x00000006ce400000, 0x00000006ce400000| Untracked 
| 115|0x00000006ce600000, 0x00000006ce600000, 0x00000006ce800000|  0%| F|  |TAMS 0x00000006ce600000, 0x00000006ce600000| Untracked 
| 116|0x00000006ce800000, 0x00000006ce800000, 0x00000006cea00000|  0%| F|  |TAMS 0x00000006ce800000, 0x00000006ce800000| Untracked 
| 117|0x00000006cea00000, 0x00000006cea00000, 0x00000006cec00000|  0%| F|  |TAMS 0x00000006cea00000, 0x00000006cea00000| Untracked 
| 118|0x00000006cec00000, 0x00000006cec00000, 0x00000006cee00000|  0%| F|  |TAMS 0x00000006cec00000, 0x00000006cec00000| Untracked 
| 119|0x00000006cee00000, 0x00000006cee00000, 0x00000006cf000000|  0%| F|  |TAMS 0x00000006cee00000, 0x00000006cee00000| Untracked 
| 120|0x00000006cf000000, 0x00000006cf000000, 0x00000006cf200000|  0%| F|  |TAMS 0x00000006cf000000, 0x00000006cf000000| Untracked 
| 121|0x00000006cf200000, 0x00000006cf200000, 0x00000006cf400000|  0%| F|  |TAMS 0x00000006cf200000, 0x00000006cf200000| Untracked 
| 122|0x00000006cf400000, 0x00000006cf400000, 0x00000006cf600000|  0%| F|  |TAMS 0x00000006cf400000, 0x00000006cf400000| Untracked 
| 123|0x00000006cf600000, 0x00000006cf600000, 0x00000006cf800000|  0%| F|  |TAMS 0x00000006cf600000, 0x00000006cf600000| Untracked 
| 124|0x00000006cf800000, 0x00000006cf800000, 0x00000006cfa00000|  0%| F|  |TAMS 0x00000006cf800000, 0x00000006cf800000| Untracked 
| 125|0x00000006cfa00000, 0x00000006cfa00000, 0x00000006cfc00000|  0%| F|  |TAMS 0x00000006cfa00000, 0x00000006cfa00000| Untracked 
| 126|0x00000006cfc00000, 0x00000006cfc00000, 0x00000006cfe00000|  0%| F|  |TAMS 0x00000006cfc00000, 0x00000006cfc00000| Untracked 
| 127|0x00000006cfe00000, 0x00000006cff51ef0, 0x00000006d0000000| 66%| E|  |TAMS 0x00000006cfe00000, 0x00000006cfe00000| Complete 

Card table byte_map: [0x000000011b888000,0x000000011c088000] _byte_map_base: 0x0000000118288000

Marking Bits (Prev, Next): (CMBitMap*) 0x000000012183cc10, (CMBitMap*) 0x000000012183cc50
 Prev Bits: [0x000000011c888000, 0x0000000120888000)
 Next Bits: [0x0000000123800000, 0x0000000127800000)

Polling page: 0x000000010265c000

Metaspace:

Usage:
  Non-class:      4.02 MB capacity,     4.00 MB (>99%) used,    16.52 KB ( <1%) free+waste,     1.00 KB ( <1%) overhead. 
      Class:    393.00 KB capacity,   353.55 KB ( 90%) used,    38.88 KB ( 10%) free+waste,   576 bytes ( <1%) overhead. 
       Both:      4.40 MB capacity,     4.35 MB ( 99%) used,    55.41 KB (  1%) free+waste,     1.56 KB ( <1%) overhead. 

Virtual space:
  Non-class space:        8.00 MB reserved,       4.25 MB ( 53%) committed 
      Class space:        1.00 GB reserved,     512.00 KB ( <1%) committed 
             Both:        1.01 GB reserved,       4.75 MB ( <1%) committed 

Chunk freelists:
   Non-Class:  0 bytes
       Class:  0 bytes
        Both:  0 bytes

MaxMetaspaceSize: unlimited
CompressedClassSpaceSize: 1.00 GB

CodeHeap 'non-profiled nmethods': size=120032Kb used=24Kb max_used=24Kb free=120007Kb
 bounds [0x0000000114350000, 0x00000001145c0000, 0x000000011b888000]
CodeHeap 'profiled nmethods': size=120016Kb used=125Kb max_used=125Kb free=119890Kb
 bounds [0x000000010ce1c000, 0x000000010d08c000, 0x0000000114350000]
CodeHeap 'non-nmethods': size=5712Kb used=1046Kb max_used=1050Kb free=4665Kb
 bounds [0x000000010c888000, 0x000000010caf8000, 0x000000010ce1c000]
 total_blobs=408 nmethods=102 adapters=223
 compilation: enabled
              stopped_count=0, restarted_count=0
 full_count=0

Compilation events (20 events):
Event: 0.109 Thread 0x0000000122832600   91       3       jdk.internal.org.objectweb.asm.Symbol::<init> (38 bytes)
Event: 0.109 Thread 0x0000000122832600 nmethod 91 0x000000010ce37790 code [0x000000010ce37940, 0x000000010ce37be8]
Event: 0.109 Thread 0x0000000122832600   92       3       jdk.internal.org.objectweb.asm.SymbolTable::put (150 bytes)
Event: 0.110 Thread 0x0000000122832600 nmethod 92 0x000000010ce37d10 code [0x000000010ce37f00, 0x000000010ce38828]
Event: 0.110 Thread 0x0000000122832600   94       3       jdk.internal.org.objectweb.asm.SymbolTable::get (13 bytes)
Event: 0.110 Thread 0x0000000122832600 nmethod 94 0x000000010ce38b10 code [0x000000010ce38cc0, 0x000000010ce38e28]
Event: 0.110 Thread 0x0000000122832600   93       3       java.lang.String::indexOf (29 bytes)
Event: 0.110 Thread 0x0000000122832600 nmethod 93 0x000000010ce38f10 code [0x000000010ce39100, 0x000000010ce39408]
Event: 0.110 Thread 0x0000000122832600   97       3       java.lang.AbstractStringBuilder::isLatin1 (19 bytes)
Event: 0.110 Thread 0x0000000122832600 nmethod 97 0x000000010ce39510 code [0x000000010ce396c0, 0x000000010ce39868]
Event: 0.110 Thread 0x0000000122832600   98       3       jdk.internal.org.objectweb.asm.SymbolTable$Entry::<init> (17 bytes)
Event: 0.110 Thread 0x0000000122832600 nmethod 98 0x000000010ce39910 code [0x000000010ce39ac0, 0x000000010ce39c58]
Event: 0.110 Thread 0x0000000122832600  100       3       jdk.internal.org.objectweb.asm.ByteVector::putShort (52 bytes)
Event: 0.110 Thread 0x0000000122832600 nmethod 100 0x000000010ce39d10 code [0x000000010ce39ec0, 0x000000010ce3a118]
Event: 0.110 Thread 0x0000000122832600   99       3       jdk.internal.org.objectweb.asm.ByteVector::putByte (39 bytes)
Event: 0.110 Thread 0x0000000122832600 nmethod 99 0x000000010ce3a290 code [0x000000010ce3a440, 0x000000010ce3a658]
Event: 0.110 Thread 0x0000000122832600  102       3       jdk.internal.org.objectweb.asm.SymbolTable::addConstantUtf8 (98 bytes)
Event: 0.110 Thread 0x0000000122832600 nmethod 102 0x000000010ce3a790 code [0x000000010ce3aa00, 0x000000010ce3b0c8]
Event: 0.110 Thread 0x0000000122832600  101       3       java.lang.invoke.MemberName::testFlags (16 bytes)
Event: 0.110 Thread 0x0000000122832600 nmethod 101 0x000000010ce3b410 code [0x000000010ce3b5c0, 0x000000010ce3b728]

GC Heap History (0 events):
No events

Deoptimization events (4 events):
Event: 0.071 Thread 0x000000012180f200 Uncommon trap: trap_request=0xffffff45 fr.pc=0x0000000114353dc0 relative=0x0000000000000180
Event: 0.071 Thread 0x000000012180f200 Uncommon trap: reason=unstable_if action=reinterpret pc=0x0000000114353dc0 method=java.lang.String.hashCode()I @ 42 c2
Event: 0.071 Thread 0x000000012180f200 DEOPT PACKING pc=0x0000000114353dc0 sp=0x000000016dab5470
Event: 0.071 Thread 0x000000012180f200 DEOPT UNPACKING pc=0x000000010c8c1d9c sp=0x000000016dab5400 mode 2

Classes unloaded (0 events):
No events

Classes redefined (0 events):
No events

Internal exceptions (5 events):
Event: 0.106 Thread 0x000000012180f200 Exception <a 'java/lang/NoSuchMethodError'{0x00000006cff0fe38}: 'java.lang.Object java.lang.invoke.DirectMethodHandle$Holder.invokeVirtual(java.lang.Object, java.lang.Object)'> (0x00000006cff0fe38) 
thrown [src/hotspot/share/interpreter/linkResolver.cpp, line 782]
Event: 0.107 Thread 0x000000012180f200 Exception <a 'java/lang/NoSuchMethodError'{0x00000006cff19340}: 'java.lang.Object java.lang.invoke.Invokers$Holder.invokeExact_MT(java.lang.Object, java.lang.Object, java.lang.Object, java.lang.Object, java.lang.Object, java.lang.Object, java.lang.Object, java.lang.Object)'> (0x00000006cff19340) 
thrown [src/hotspot/share/interpreter/linkResolver.cpp, line 782]
Event: 0.109 Thread 0x000000012180f200 Exception <a 'java/lang/NoSuchMethodError'{0x00000006cff22d80}: 'java.lang.Object java.lang.invoke.DirectMethodHandle$Holder.newInvokeSpecial(java.lang.Object, java.lang.Object)'> (0x00000006cff22d80) 
thrown [src/hotspot/share/interpreter/linkResolver.cpp, line 782]
Event: 0.110 Thread 0x000000012180f200 Exception <a 'java/lang/NoSuchMethodError'{0x00000006cff26b90}: 'java.lang.Object java.lang.invoke.DirectMethodHandle$Holder.invokeSpecial(java.lang.Object, java.lang.Object, java.lang.Object)'> (0x00000006cff26b90) 
thrown [src/hotspot/share/interpreter/linkResolver.cpp, line 782]
Event: 0.110 Thread 0x000000012180f200 Exception <a 'java/lang/NoSuchMethodError'{0x00000006cff2a540}: 'java.lang.Object java.lang.invoke.Invokers$Holder.linkToTargetMethod(java.lang.Object, java.lang.Object)'> (0x00000006cff2a540) 
thrown [src/hotspot/share/interpreter/linkResolver.cpp, line 782]

Events (20 events):
Event: 0.110 loading class java/util/concurrent/ThreadLocalRandom
Event: 0.111 loading class java/util/Random
Event: 0.111 loading class java/util/Random done
Event: 0.111 loading class java/util/concurrent/ThreadLocalRandom done
Event: 0.111 loading class java/util/concurrent/atomic/AtomicLong
Event: 0.111 loading class java/util/concurrent/atomic/AtomicLong done
Event: 0.111 loading class java/nio/DirectByteBuffer
Event: 0.111 loading class sun/nio/ch/DirectBuffer
Event: 0.111 loading class sun/nio/ch/DirectBuffer done
Event: 0.111 loading class java/nio/MappedByteBuffer
Event: 0.112 loading class java/nio/MappedByteBuffer done
Event: 0.112 loading class java/nio/DirectByteBuffer done
Event: 0.112 loading class java/nio/Bits
Event: 0.112 loading class java/nio/Bits done
Event: 0.112 loading class java/nio/Bits$1
Event: 0.112 loading class jdk/internal/misc/VM$BufferPool
Event: 0.112 loading class jdk/internal/misc/VM$BufferPool done
Event: 0.112 loading class java/nio/Bits$1 done
Event: 0.112 loading class java/nio/DirectByteBuffer$Deallocator
Event: 0.112 loading class java/nio/DirectByteBuffer$Deallocator done


Dynamic libraries:
0x000000010260c000 	/Library/Java/JavaVirtualMachines/zulu-15.jdk/Contents/Home/lib/libjli.dylib
0x000000019c23a000 	/usr/lib/libz.1.dylib
0x000000019c2f1000 	/usr/lib/libSystem.B.dylib
0x000000019c2eb000 	/usr/lib/system/libcache.dylib
0x000000019c2a9000 	/usr/lib/system/libcommonCrypto.dylib
0x000000019c2d2000 	/usr/lib/system/libcompiler_rt.dylib
0x000000019c2c9000 	/usr/lib/system/libcopyfile.dylib
0x000000019150b000 	/usr/lib/system/libcorecrypto.dylib
0x00000001915c0000 	/usr/lib/system/libdispatch.dylib
0x000000019178e000 	/usr/lib/system/libdyld.dylib
0x000000019c2e1000 	/usr/lib/system/libkeymgr.dylib
0x000000019c284000 	/usr/lib/system/libmacho.dylib
0x000000019b974000 	/usr/lib/system/libquarantine.dylib
0x000000019c2de000 	/usr/lib/system/libremovefile.dylib
0x0000000196906000 	/usr/lib/system/libsystem_asl.dylib
0x00000001914ad000 	/usr/lib/system/libsystem_blocks.dylib
0x0000000191648000 	/usr/lib/system/libsystem_c.dylib
0x000000019c2d6000 	/usr/lib/system/libsystem_collections.dylib
0x000000019ae09000 	/usr/lib/system/libsystem_configuration.dylib
0x000000019a062000 	/usr/lib/system/libsystem_containermanager.dylib
0x000000019bfe1000 	/usr/lib/system/libsystem_coreservices.dylib
0x0000000193ebf000 	/usr/lib/system/libsystem_darwin.dylib
0x000000019c2e2000 	/usr/lib/system/libsystem_dnssd.dylib
0x0000000191645000 	/usr/lib/system/libsystem_featureflags.dylib
0x00000001917a3000 	/usr/lib/system/libsystem_info.dylib
0x000000019c24c000 	/usr/lib/system/libsystem_m.dylib
0x0000000191595000 	/usr/lib/system/libsystem_malloc.dylib
0x0000000196894000 	/usr/lib/system/libsystem_networkextension.dylib
0x0000000194318000 	/usr/lib/system/libsystem_notify.dylib
0x00000001a2645000 	/usr/lib/system/libsystem_product_info_filter.dylib
0x000000019ae0e000 	/usr/lib/system/libsystem_sandbox.dylib
0x000000019c2db000 	/usr/lib/system/libsystem_secinit.dylib
0x0000000191749000 	/usr/lib/system/libsystem_kernel.dylib
0x000000019179b000 	/usr/lib/system/libsystem_platform.dylib
0x0000000191781000 	/usr/lib/system/libsystem_pthread.dylib
0x000000019806a000 	/usr/lib/system/libsystem_symptoms.dylib
0x00000001914f1000 	/usr/lib/system/libsystem_trace.dylib
0x000000019c2b6000 	/usr/lib/system/libunwind.dylib
0x00000001914af000 	/usr/lib/system/libxpc.dylib
0x0000000191731000 	/usr/lib/libc++abi.dylib
0x0000000191607000 	/usr/lib/libobjc.A.dylib
0x000000019c2c1000 	/usr/lib/liboah.dylib
0x00000001916ca000 	/usr/lib/libc++.1.dylib
0x00000001a8175000 	/System/Library/Frameworks/Cocoa.framework/Versions/A/Cocoa
0x0000000194379000 	/System/Library/Frameworks/AppKit.framework/Versions/C/AppKit
0x0000000197890000 	/System/Library/Frameworks/CoreData.framework/Versions/A/CoreData
0x00000001926d4000 	/System/Library/Frameworks/Foundation.framework/Versions/C/Foundation
0x0000000195232000 	/System/Library/PrivateFrameworks/UIFoundation.framework/Versions/A/UIFoundation
0x00000001a233f000 	/System/Library/PrivateFrameworks/RemoteViewServices.framework/Versions/A/RemoteViewServices
0x000000019a7b0000 	/System/Library/PrivateFrameworks/XCTTargetBootstrap.framework/Versions/A/XCTTargetBootstrap
0x000000019e033000 	/System/Library/PrivateFrameworks/InternationalSupport.framework/Versions/A/InternationalSupport
0x000000019e0bc000 	/System/Library/PrivateFrameworks/UserActivity.framework/Versions/A/UserActivity
0x000000019d528000 	/usr/lib/libspindump.dylib
0x00000001954a3000 	/System/Library/Frameworks/UniformTypeIdentifiers.framework/Versions/A/UniformTypeIdentifiers
0x0000000198cf8000 	/usr/lib/libapp_launch_measurement.dylib
0x000000019821c000 	/System/Library/PrivateFrameworks/CoreAnalytics.framework/Versions/A/CoreAnalytics
0x0000000198cfb000 	/System/Library/PrivateFrameworks/CoreAutoLayout.framework/Versions/A/CoreAutoLayout
0x000000019a09f000 	/System/Library/Frameworks/Metal.framework/Versions/A/Metal
0x000000019ae19000 	/usr/lib/liblangid.dylib
0x000000019a7b5000 	/System/Library/PrivateFrameworks/CoreSVG.framework/Versions/A/CoreSVG
0x000000019693a000 	/System/Library/PrivateFrameworks/SkyLight.framework/Versions/A/SkyLight
0x0000000196d16000 	/System/Library/Frameworks/CoreGraphics.framework/Versions/A/CoreGraphics
0x00000001a2a0b000 	/System/Library/Frameworks/Accelerate.framework/Versions/A/Accelerate
0x000000019cf9f000 	/System/Library/PrivateFrameworks/IconServices.framework/Versions/A/IconServices
0x000000019a081000 	/System/Library/Frameworks/IOSurface.framework/Versions/A/IOSurface
0x000000019824d000 	/usr/lib/libDiagnosticMessagesClient.dylib
0x00000001a5f15000 	/System/Library/Frameworks/ApplicationServices.framework/Versions/A/ApplicationServices
0x000000019a798000 	/System/Library/PrivateFrameworks/DFRFoundation.framework/Versions/A/DFRFoundation
0x0000000193c09000 	/usr/lib/libicucore.A.dylib
0x000000019eee1000 	/System/Library/Frameworks/AudioToolbox.framework/Versions/A/AudioToolbox
0x000000019e03f000 	/System/Library/PrivateFrameworks/DataDetectorsCore.framework/Versions/A/DataDetectorsCore
0x00000001b4a62000 	/System/Library/PrivateFrameworks/TextInput.framework/Versions/A/TextInput
0x00000001968af000 	/usr/lib/libMobileGestalt.dylib
0x000000019a464000 	/System/Library/Frameworks/Carbon.framework/Versions/A/Frameworks/HIToolbox.framework/Versions/A/HIToolbox
0x00000001986d1000 	/System/Library/Frameworks/QuartzCore.framework/Versions/A/QuartzCore
0x000000019388a000 	/System/Library/Frameworks/Security.framework/Versions/A/Security
0x00000001a237f000 	/System/Library/Frameworks/Carbon.framework/Versions/A/Frameworks/SpeechRecognition.framework/Versions/A/SpeechRecognition
0x0000000198a4d000 	/System/Library/PrivateFrameworks/CoreUI.framework/Versions/A/CoreUI
0x0000000193166000 	/System/Library/Frameworks/CoreAudio.framework/Versions/A/CoreAudio
0x0000000198341000 	/System/Library/Frameworks/DiskArbitration.framework/Versions/A/DiskArbitration
0x000000019d932000 	/System/Library/PrivateFrameworks/MultitouchSupport.framework/Versions/A/MultitouchSupport
0x00000001968ad000 	/usr/lib/libenergytrace.dylib
0x0000000194241000 	/System/Library/Frameworks/IOKit.framework/Versions/A/IOKit
0x00000001a276e000 	/System/Library/Frameworks/CoreServices.framework/Versions/A/CoreServices
0x0000000198c88000 	/System/Library/PrivateFrameworks/PerformanceAnalysis.framework/Versions/A/PerformanceAnalysis
0x00000001f2f0f000 	/System/Library/Frameworks/OpenGL.framework/Versions/A/OpenGL
0x000000019b88c000 	/System/Library/PrivateFrameworks/MobileKeyBag.framework/Versions/A/MobileKeyBag
0x0000000197324000 	/System/Library/Frameworks/ColorSync.framework/Versions/A/ColorSync
0x00000001917d0000 	/System/Library/Frameworks/CoreFoundation.framework/Versions/A/CoreFoundation
0x000000019aa35000 	/System/Library/Frameworks/CoreImage.framework/Versions/A/CoreImage
0x0000000192f8a000 	/System/Library/Frameworks/CoreText.framework/Versions/A/CoreText
0x000000019a7e5000 	/System/Library/Frameworks/ImageIO.framework/Versions/A/ImageIO
0x000000019c2f7000 	/System/Library/PrivateFrameworks/SoftLinking.framework/Versions/A/SoftLinking
0x0000000198d46000 	/usr/lib/libxml2.2.dylib
0x000000019c590000 	/usr/lib/libcompression.dylib
0x000000019df8f000 	/System/Library/PrivateFrameworks/TextureIO.framework/Versions/A/TextureIO
0x000000019ccb8000 	/usr/lib/libate.dylib
0x000000019cb7d000 	/usr/lib/liblzma.5.dylib
0x00000001923c7000 	/System/Library/Frameworks/SystemConfiguration.framework/Versions/A/SystemConfiguration
0x000000019c2f3000 	/usr/lib/libfakelink.dylib
0x00000001963df000 	/System/Library/Frameworks/CFNetwork.framework/Versions/A/CFNetwork
0x000000019c439000 	/usr/lib/libarchive.2.dylib
0x000000019ae15000 	/System/Library/PrivateFrameworks/AppleSystemInfo.framework/Versions/A/AppleSystemInfo
0x000000019b99f000 	/usr/lib/libbsm.0.dylib
0x000000019594c000 	/usr/lib/libnetwork.dylib
0x000000019c28d000 	/usr/lib/system/libkxld.dylib
0x000000019b5b9000 	/System/Library/PrivateFrameworks/IOMobileFramebuffer.framework/Versions/A/IOMobileFramebuffer
0x0000000211301000 	/usr/lib/libCoreEntitlements.dylib
0x000000019bfc3000 	/System/Library/PrivateFrameworks/AppleFSCompression.framework/Versions/A/AppleFSCompression
0x000000019b987000 	/usr/lib/libcoretls.dylib
0x000000019cb96000 	/usr/lib/libcoretls_cfhelpers.dylib
0x000000019c58b000 	/usr/lib/libpam.2.dylib
0x0000000197c80000 	/usr/lib/libsqlite3.dylib
0x000000019cbff000 	/usr/lib/libxar.1.dylib
0x000000019bfd4000 	/usr/lib/libbz2.1.0.dylib
0x000000019c2f8000 	/usr/lib/libpcap.A.dylib
0x0000000198061000 	/usr/lib/libdns_services.dylib
0x000000019c55e000 	/usr/lib/libapple_nghttp2.dylib
0x000000019c335000 	/usr/lib/libiconv.2.dylib
0x000000019c283000 	/usr/lib/libcharset.1.dylib
0x0000000198cc4000 	/System/Library/Frameworks/CoreServices.framework/Versions/A/Frameworks/FSEvents.framework/Versions/A/FSEvents
0x0000000193eca000 	/System/Library/Frameworks/CoreServices.framework/Versions/A/Frameworks/CarbonCore.framework/Versions/A/CarbonCore
0x00000001982a1000 	/System/Library/Frameworks/CoreServices.framework/Versions/A/Frameworks/Metadata.framework/Versions/A/Metadata
0x000000019bfe7000 	/System/Library/Frameworks/CoreServices.framework/Versions/A/Frameworks/OSServices.framework/Versions/A/OSServices
0x000000019c4bf000 	/System/Library/Frameworks/CoreServices.framework/Versions/A/Frameworks/SearchKit.framework/Versions/A/SearchKit
0x0000000197fef000 	/System/Library/Frameworks/CoreServices.framework/Versions/A/Frameworks/AE.framework/Versions/A/AE
0x0000000191d17000 	/System/Library/Frameworks/CoreServices.framework/Versions/A/Frameworks/LaunchServices.framework/Versions/A/LaunchServices
0x000000019cb26000 	/System/Library/Frameworks/CoreServices.framework/Versions/A/Frameworks/DictionaryServices.framework/Versions/A/DictionaryServices
0x0000000198cd1000 	/System/Library/Frameworks/CoreServices.framework/Versions/A/Frameworks/SharedFileList.framework/Versions/A/SharedFileList
0x000000019b977000 	/usr/lib/libCheckFix.dylib
0x000000019691e000 	/System/Library/PrivateFrameworks/TCC.framework/Versions/A/TCC
0x000000019ae1b000 	/System/Library/PrivateFrameworks/CoreNLP.framework/Versions/A/CoreNLP
0x0000000198250000 	/System/Library/PrivateFrameworks/MetadataUtilities.framework/Versions/A/MetadataUtilities
0x0000000192481000 	/usr/lib/libmecabra.dylib
0x000000019b9b0000 	/usr/lib/libmecab.dylib
0x000000019244d000 	/usr/lib/libCRFSuite.dylib
0x000000019ba0d000 	/usr/lib/libgermantok.dylib
0x000000019c537000 	/usr/lib/libThaiTokenizer.dylib
0x0000000198349000 	/System/Library/Frameworks/Accelerate.framework/Versions/A/Frameworks/vImage.framework/Versions/A/vImage
0x00000001a2745000 	/System/Library/Frameworks/Accelerate.framework/Versions/A/Frameworks/vecLib.framework/Versions/A/vecLib
0x000000019cc44000 	/System/Library/Frameworks/Accelerate.framework/Versions/A/Frameworks/vecLib.framework/Versions/A/libvMisc.dylib
0x000000019b4c0000 	/System/Library/Frameworks/Accelerate.framework/Versions/A/Frameworks/vecLib.framework/Versions/A/libvDSP.dylib
0x00000001920a2000 	/System/Library/Frameworks/Accelerate.framework/Versions/A/Frameworks/vecLib.framework/Versions/A/libBLAS.dylib
0x000000019c661000 	/System/Library/Frameworks/Accelerate.framework/Versions/A/Frameworks/vecLib.framework/Versions/A/libLAPACK.dylib
0x000000019ba10000 	/System/Library/Frameworks/Accelerate.framework/Versions/A/Frameworks/vecLib.framework/Versions/A/libLinearAlgebra.dylib
0x000000019c576000 	/System/Library/Frameworks/Accelerate.framework/Versions/A/Frameworks/vecLib.framework/Versions/A/libSparseBLAS.dylib
0x000000019c65c000 	/System/Library/Frameworks/Accelerate.framework/Versions/A/Frameworks/vecLib.framework/Versions/A/libQuadrature.dylib
0x000000019af14000 	/System/Library/Frameworks/Accelerate.framework/Versions/A/Frameworks/vecLib.framework/Versions/A/libBNNS.dylib
0x0000000192360000 	/System/Library/Frameworks/Accelerate.framework/Versions/A/Frameworks/vecLib.framework/Versions/A/libSparse.dylib
0x000000019af0c000 	/System/Library/PrivateFrameworks/LinguisticData.framework/Versions/A/LinguisticData
0x0000000192318000 	/System/Library/PrivateFrameworks/Lexicon.framework/Versions/A/Lexicon
0x000000019cc3c000 	/usr/lib/libChineseTokenizer.dylib
0x0000000192ac6000 	/System/Library/PrivateFrameworks/LanguageModeling.framework/Versions/A/LanguageModeling
0x000000019c539000 	/System/Library/PrivateFrameworks/AppleSauce.framework/Versions/A/AppleSauce
0x000000019b5a6000 	/System/Library/PrivateFrameworks/CoreEmoji.framework/Versions/A/CoreEmoji
0x000000019c427000 	/usr/lib/libcmph.dylib
0x0000000198ca4000 	/System/Library/Frameworks/OpenDirectory.framework/Versions/A/Frameworks/CFOpenDirectory.framework/Versions/A/CFOpenDirectory
0x0000000198c94000 	/System/Library/Frameworks/OpenDirectory.framework/Versions/A/OpenDirectory
0x000000019cb98000 	/System/Library/PrivateFrameworks/APFS.framework/Versions/A/APFS
0x000000019b8c7000 	/System/Library/Frameworks/SecurityFoundation.framework/Versions/A/SecurityFoundation
0x000000019cc0e000 	/usr/lib/libutil.dylib
0x0000000194203000 	/System/Library/PrivateFrameworks/CoreServicesStore.framework/Versions/A/CoreServicesStore
0x000000019cc12000 	/usr/lib/libxslt.1.dylib
0x000000019b95b000 	/System/Library/PrivateFrameworks/BackgroundTaskManagement.framework/Versions/A/BackgroundTaskManagement
0x000000019deb0000 	/System/Library/Frameworks/ImageIO.framework/Versions/A/Resources/libRadiance.dylib
0x000000019deb9000 	/System/Library/Frameworks/ImageIO.framework/Versions/A/Resources/libJPEG.dylib
0x000000019de0a000 	/System/Library/Frameworks/ImageIO.framework/Versions/A/Resources/libPng.dylib
0x000000019de2c000 	/System/Library/Frameworks/ImageIO.framework/Versions/A/Resources/libTIFF.dylib
0x000000019df14000 	/System/Library/Frameworks/ImageIO.framework/Versions/A/Resources/libGIF.dylib
0x000000019d842000 	/System/Library/Frameworks/ImageIO.framework/Versions/A/Resources/libJP2.dylib
0x000000019cf64000 	/usr/lib/libexpat.1.dylib
0x000000019d7fd000 	/System/Library/PrivateFrameworks/AppleJPEG.framework/Versions/A/AppleJPEG
0x000000019a320000 	/System/Library/PrivateFrameworks/FontServices.framework/libFontParser.dylib
0x0000000197f94000 	/System/Library/PrivateFrameworks/RunningBoardServices.framework/Versions/A/RunningBoardServices
0x00000001a884c000 	/System/Library/PrivateFrameworks/IOSurfaceAccelerator.framework/Versions/A/IOSurfaceAccelerator
0x000000019d92e000 	/System/Library/PrivateFrameworks/WatchdogClient.framework/Versions/A/WatchdogClient
0x0000000192bc6000 	/System/Library/Frameworks/CoreDisplay.framework/Versions/A/CoreDisplay
0x000000019a20a000 	/System/Library/Frameworks/CoreMedia.framework/Versions/A/CoreMedia
0x000000019a095000 	/System/Library/PrivateFrameworks/IOAccelerator.framework/Versions/A/IOAccelerator
0x0000000198e34000 	/System/Library/Frameworks/CoreVideo.framework/Versions/A/CoreVideo
0x000000019c589000 	/System/Library/Frameworks/MetalPerformanceShaders.framework/Versions/A/MetalPerformanceShaders
0x000000019d96d000 	/System/Library/Frameworks/VideoToolbox.framework/Versions/A/VideoToolbox
0x0000000197ed8000 	/System/Library/PrivateFrameworks/BaseBoard.framework/Versions/A/BaseBoard
0x0000000197c66000 	/System/Library/PrivateFrameworks/ProtocolBuffer.framework/Versions/A/ProtocolBuffer
0x000000019deab000 	/System/Library/PrivateFrameworks/GPUWrangler.framework/Versions/A/GPUWrangler
0x000000019de8b000 	/System/Library/PrivateFrameworks/IOPresentment.framework/Versions/A/IOPresentment
0x000000019deb3000 	/System/Library/PrivateFrameworks/DSExternalDisplay.framework/Versions/A/DSExternalDisplay
0x00000001f2f02000 	/System/Library/Frameworks/OpenGL.framework/Versions/A/Libraries/libCoreFSCache.dylib
0x00000001fddd0000 	/System/Library/PrivateFrameworks/GPUCompiler.framework/Versions/31001/Libraries/libGPUCompilerUtils.dylib
0x000000019df19000 	/System/Library/PrivateFrameworks/CMCaptureCore.framework/Versions/A/CMCaptureCore
0x000000019d515000 	/System/Library/PrivateFrameworks/AppServerSupport.framework/Versions/A/AppServerSupport
0x000000019f79f000 	/System/Library/PrivateFrameworks/perfdata.framework/Versions/A/perfdata
0x0000000192ce6000 	/System/Library/PrivateFrameworks/AudioToolboxCore.framework/Versions/A/AudioToolboxCore
0x000000019a1e3000 	/System/Library/PrivateFrameworks/caulk.framework/Versions/A/caulk
0x000000019f094000 	/usr/lib/libAudioStatistics.dylib
0x00000001b10b1000 	/System/Library/PrivateFrameworks/SystemPolicy.framework/Versions/A/SystemPolicy
0x000000019f300000 	/usr/lib/libSMC.dylib
0x00000001a8053000 	/System/Library/Frameworks/CoreMIDI.framework/Versions/A/CoreMIDI
0x000000019ddd8000 	/usr/lib/libAudioToolboxUtility.dylib
0x00000001ad214000 	/System/Library/PrivateFrameworks/OSAServicesClient.framework/Versions/A/OSAServicesClient
0x000000019f7ac000 	/usr/lib/libperfcheck.dylib
0x00000001b1bd4000 	/usr/lib/libmis.dylib
0x00000001f2f64000 	/System/Library/Frameworks/OpenGL.framework/Versions/A/Libraries/libGLU.dylib
0x00000001f2f23000 	/System/Library/Frameworks/OpenGL.framework/Versions/A/Libraries/libGFXShared.dylib
0x00000001f3110000 	/System/Library/Frameworks/OpenGL.framework/Versions/A/Libraries/libGL.dylib
0x00000001f2f2c000 	/System/Library/Frameworks/OpenGL.framework/Versions/A/Libraries/libGLImage.dylib
0x00000001f2f20000 	/System/Library/Frameworks/OpenGL.framework/Versions/A/Libraries/libCVMSPluginSupport.dylib
0x00000001f2f09000 	/System/Library/Frameworks/OpenGL.framework/Versions/A/Libraries/libCoreVMClient.dylib
0x000000019ad95000 	/System/Library/Frameworks/MetalPerformanceShaders.framework/Versions/A/Frameworks/MPSCore.framework/Versions/A/MPSCore
0x000000019bf36000 	/System/Library/Frameworks/MetalPerformanceShaders.framework/Versions/A/Frameworks/MPSImage.framework/Versions/A/MPSImage
0x000000019ba25000 	/System/Library/Frameworks/MetalPerformanceShaders.framework/Versions/A/Frameworks/MPSNeuralNetwork.framework/Versions/A/MPSNeuralNetwork
0x000000019be5e000 	/System/Library/Frameworks/MetalPerformanceShaders.framework/Versions/A/Frameworks/MPSMatrix.framework/Versions/A/MPSMatrix
0x000000019bc37000 	/System/Library/Frameworks/MetalPerformanceShaders.framework/Versions/A/Frameworks/MPSRayIntersector.framework/Versions/A/MPSRayIntersector
0x000000019be8f000 	/System/Library/Frameworks/MetalPerformanceShaders.framework/Versions/A/Frameworks/MPSNDArray.framework/Versions/A/MPSNDArray
0x00000001f5a0f000 	/System/Library/Frameworks/MetalPerformanceShaders.framework/Versions/A/Frameworks/MPSFunctions.framework/Versions/A/MPSFunctions
0x0000000191f78000 	/System/Library/PrivateFrameworks/MetalTools.framework/Versions/A/MetalTools
0x000000019ae13000 	/System/Library/PrivateFrameworks/AggregateDictionary.framework/Versions/A/AggregateDictionary
0x000000019cd49000 	/usr/lib/libIOReport.dylib
0x00000001a706f000 	/System/Library/PrivateFrameworks/ASEProcessing.framework/Versions/A/ASEProcessing
0x000000019d0be000 	/System/Library/PrivateFrameworks/FaceCore.framework/Versions/A/FaceCore
0x000000019d0b0000 	/System/Library/PrivateFrameworks/GraphVisualizer.framework/Versions/A/GraphVisualizer
0x00000001fdce7000 	/System/Library/PrivateFrameworks/FontServices.framework/Versions/A/FontServices
0x000000019d4d1000 	/System/Library/PrivateFrameworks/OTSVG.framework/Versions/A/OTSVG
0x00000001989fd000 	/System/Library/Frameworks/ApplicationServices.framework/Versions/A/Frameworks/ATS.framework/Versions/A/Resources/libFontRegistry.dylib
0x000000019d51e000 	/System/Library/PrivateFrameworks/FontServices.framework/libhvf.dylib
0x00000001fdce8000 	/System/Library/PrivateFrameworks/FontServices.framework/libXTFontStaticRegistryData.dylib
0x00000001f32b1000 	/System/Library/Frameworks/OpenCL.framework/Versions/A/OpenCL
0x000000019cf18000 	/System/Library/PrivateFrameworks/AppleVA.framework/Versions/A/AppleVA
0x000000019f0bc000 	/System/Library/Frameworks/ApplicationServices.framework/Versions/A/Frameworks/ATS.framework/Versions/A/ATS
0x0000000197423000 	/System/Library/Frameworks/ApplicationServices.framework/Versions/A/Frameworks/HIServices.framework/Versions/A/HIServices
0x000000019df23000 	/System/Library/Frameworks/ApplicationServices.framework/Versions/A/Frameworks/PrintCore.framework/Versions/A/PrintCore
0x000000019f453000 	/System/Library/Frameworks/ApplicationServices.framework/Versions/A/Frameworks/QD.framework/Versions/A/QD
0x000000019f44b000 	/System/Library/Frameworks/ApplicationServices.framework/Versions/A/Frameworks/ColorSyncLegacy.framework/Versions/A/ColorSyncLegacy
0x000000019f0a8000 	/System/Library/Frameworks/ApplicationServices.framework/Versions/A/Frameworks/SpeechSynthesis.framework/Versions/A/SpeechSynthesis
0x000000019dee4000 	/System/Library/Frameworks/ApplicationServices.framework/Versions/A/Frameworks/ATSUI.framework/Versions/A/ATSUI
0x000000019f3e0000 	/usr/lib/libcups.2.dylib
0x000000019f7ba000 	/System/Library/Frameworks/Kerberos.framework/Versions/A/Kerberos
0x000000019f7cb000 	/System/Library/Frameworks/GSS.framework/Versions/A/GSS
0x000000019f12c000 	/usr/lib/libresolv.9.dylib
0x000000019d52d000 	/System/Library/PrivateFrameworks/Heimdal.framework/Versions/A/Heimdal
0x00000001a62a5000 	/System/Library/Frameworks/Kerberos.framework/Versions/A/Libraries/libHeimdalProxy.dylib
0x0000000198073000 	/System/Library/Frameworks/Network.framework/Versions/A/Network
0x000000019cf7f000 	/usr/lib/libheimdal-asn1.dylib
0x000000019f81b000 	/System/Library/PrivateFrameworks/CommonAuth.framework/Versions/A/CommonAuth
0x000000019f022000 	/System/Library/PrivateFrameworks/AudioSession.framework/Versions/A/AudioSession
0x000000019d011000 	/System/Library/PrivateFrameworks/MediaExperience.framework/Versions/A/MediaExperience
0x000000019eea7000 	/System/Library/PrivateFrameworks/AudioSession.framework/libSessionUtility.dylib
0x000000019f45f000 	/System/Library/PrivateFrameworks/AudioResourceArbitration.framework/Versions/A/AudioResourceArbitration
0x00000001a3622000 	/System/Library/PrivateFrameworks/PowerLog.framework/Versions/A/PowerLog
0x000000019cf89000 	/System/Library/PrivateFrameworks/IconFoundation.framework/Versions/A/IconFoundation
0x00000001a236b000 	/System/Library/PrivateFrameworks/SpeechRecognitionCore.framework/Versions/A/SpeechRecognitionCore
0x000000010367c000 	/Library/Java/JavaVirtualMachines/zulu-15.jdk/Contents/Home/lib/server/libjvm.dylib
0x0000000102670000 	/Library/Java/JavaVirtualMachines/zulu-15.jdk/Contents/Home/lib/libjimage.dylib
0x00000001028b4000 	/Library/Java/JavaVirtualMachines/zulu-15.jdk/Contents/Home/lib/libjava.dylib


VM Arguments:
java_command: UnsafeVolatileLong
java_class_path (initial): .
Launcher Type: SUN_STANDARD

[Global flags]
     intx CICompilerCount                          = 4                                         {product} {ergonomic}
     uint ConcGCThreads                            = 2                                         {product} {ergonomic}
     uint G1ConcRefinementThreads                  = 8                                         {product} {ergonomic}
   size_t G1HeapRegionSize                         = 2097152                                   {product} {ergonomic}
    uintx GCDrainStackTargetSize                   = 64                                        {product} {ergonomic}
   size_t InitialHeapSize                          = 268435456                                 {product} {ergonomic}
   size_t MarkStackSize                            = 4194304                                   {product} {ergonomic}
   size_t MaxHeapSize                              = 4294967296                                {product} {ergonomic}
   size_t MaxNewSize                               = 2575302656                                {product} {ergonomic}
   size_t MinHeapDeltaBytes                        = 2097152                                   {product} {ergonomic}
   size_t MinHeapSize                              = 8388608                                   {product} {ergonomic}
    uintx NonNMethodCodeHeapSize                   = 5839564                                {pd product} {ergonomic}
    uintx NonProfiledCodeHeapSize                  = 122909338                              {pd product} {ergonomic}
    uintx ProfiledCodeHeapSize                     = 122909338                              {pd product} {ergonomic}
    uintx ReservedCodeCacheSize                    = 251658240                              {pd product} {ergonomic}
     bool SegmentedCodeCache                       = true                                      {product} {ergonomic}
   size_t SoftMaxHeapSize                          = 4294967296                             {manageable} {ergonomic}
     bool UseCompressedClassPointers               = true                                 {lp64_product} {ergonomic}
     bool UseCompressedOops                        = true                                 {lp64_product} {ergonomic}
     bool UseG1GC                                  = true                                      {product} {ergonomic}
     bool UseNUMA                                  = false                                     {product} {ergonomic}
     bool UseNUMAInterleaving                      = false                                     {product} {ergonomic}

Logging:
Log output configuration:
 #0: stdout all=warning uptime,level,tags
 #1: stderr all=off uptime,level,tags

Environment Variables:
PATH=/opt/homebrew/bin:/opt/homebrew/sbin:/usr/local/bin:/usr/bin:/bin:/usr/sbin:/sbin:/usr/local/go/bin:/usr/local/MacGPG2/bin:/Users/peter/.cargo/bin:/Applications/Little Snitch.app/Contents/Components:/Library/Apple/usr/bin:/Applications/Wireshark.app/Contents/MacOS:/Applications/Postgres.app/Contents/Versions/13/bin
SHELL=/bin/zsh
DISPLAY=/private/tmp/com.apple.launchd.KScv7X4X0R/org.macosforge.xquartz:0
LC_CTYPE=UTF-8

Signal Handlers:
SIGSEGV: [libjvm.dylib+0x929b50], sa_mask[0]=11111111011111110111111111111111, sa_flags=SA_ONSTACK|SA_RESTART|SA_SIGINFO
SIGBUS: [libjvm.dylib+0x929b50], sa_mask[0]=11111111011111110111111111111111, sa_flags=SA_RESTART|SA_SIGINFO
SIGFPE: [libjvm.dylib+0x929b50], sa_mask[0]=11111111011111110111111111111111, sa_flags=SA_RESTART|SA_SIGINFO
SIGPIPE: [libjvm.dylib+0x7143a4], sa_mask[0]=11111111011111110111111111111111, sa_flags=SA_RESTART|SA_SIGINFO
SIGXFSZ: [libjvm.dylib+0x7143a4], sa_mask[0]=11111111011111110111111111111111, sa_flags=SA_RESTART|SA_SIGINFO
SIGILL: [libjvm.dylib+0x929b50], sa_mask[0]=11111111011111110111111111111111, sa_flags=SA_RESTART|SA_SIGINFO
SIGUSR2: [libjvm.dylib+0x714dd8], sa_mask[0]=00000000000000000000000000000000, sa_flags=SA_RESTART|SA_SIGINFO
SIGHUP: [libjvm.dylib+0x713474], sa_mask[0]=11111111011111110111111111111111, sa_flags=SA_RESTART|SA_SIGINFO
SIGINT: [libjvm.dylib+0x713474], sa_mask[0]=11111111011111110111111111111111, sa_flags=SA_RESTART|SA_SIGINFO
SIGTERM: [libjvm.dylib+0x713474], sa_mask[0]=11111111011111110111111111111111, sa_flags=SA_RESTART|SA_SIGINFO
SIGQUIT: [libjvm.dylib+0x713474], sa_mask[0]=11111111011111110111111111111111, sa_flags=SA_RESTART|SA_SIGINFO


---------------  S Y S T E M  ---------------

OS:uname: Darwin 21.6.0 Darwin Kernel Version 21.6.0: Thu Mar  9 20:10:19 PST 2023; root:xnu-8020.240.18.700.8~1/RELEASE_ARM64_T8101 arm64
OS uptime: 15 days 20:45 hours
rlimit (soft/hard): STACK 8176k/65520k , CORE 0k/infinity , NPROC 2666/4000 , NOFILE 10240/infinity , AS infinity/infinity , CPU infinity/infinity , DATA infinity/infinity , FSIZE infinity/infinity , MEMLOCK infinity/infinity , RSS infinity/infinity
load average: 2.54 3.09 3.17

CPU: total 8 (initial active 8) 0x61:0x0:0x1b588bb3:0, simd, crc, lse

Memory: 16k page, physical 16777216k(106192k free), swap 10485760k(552512k free)

vm_info: OpenJDK 64-Bit Server VM (15.0.10+5-MTS) for bsd-aarch64 JRE (15.0.10+5-MTS) (Zulu15.46+17-CA), built on Jan  7 2023 09:50:54 by "zulu_re" with clang Apple LLVM 12.0.0 (clang-1200.0.32.28)

END.
